2024-10-09 11:22:42 - ::1 "POST /player/list HTTP/1.1 404 39.375µs "PostmanRuntime/7.42.0" "
2024-10-09 11:22:58 - ::1 "GET /player/list HTTP/1.1 200 7.901834ms "PostmanRuntime/7.42.0" "
2024-10-09 11:25:06 - ::1 "GET /player/list HTTP/1.1 200 4.808208ms "PostmanRuntime/7.42.0" "
2024-10-09 11:29:53 - ::1 "GET /player/list HTTP/1.1 404 6.667µs "PostmanRuntime/7.42.0" "
2024-10-09 11:29:57 - ::1 "GET /player/list HTTP/1.1 404 12.167µs "PostmanRuntime/7.42.0" "
2024-10-09 11:34:04 - ::1 "GET /player/list HTTP/1.1 404 13.542µs "PostmanRuntime/7.42.0" "
2024-10-09 11:34:07 - ::1 "GET /player/list/1 HTTP/1.1 200 6.531459ms "PostmanRuntime/7.42.0" "
2024-10-09 11:42:04 - ::1 "GET /ranking/1 HTTP/1.1 200 6.249959ms "PostmanRuntime/7.42.0" "
2024-10-09 11:59:16 - ::1 "GET /ranking/1 HTTP/1.1 404 6.542µs "PostmanRuntime/7.42.0" "
2024-10-09 11:59:37 - ::1 "GET /rank/1 HTTP/1.1 200 7.184959ms "PostmanRuntime/7.42.0" "
2024-10-09 23:02:55 - ::1 "GET /rank/1 HTTP/1.1 200 154.217542ms "PostmanRuntime/7.42.0" "
2024-10-09 23:05:32 - ::1 "GET /rank/1 HTTP/1.1 200 22.12625ms "PostmanRuntime/7.42.0" "
2024-10-09 23:09:28 - ::1 "GET /rank/1 HTTP/1.1 200 4.360958ms "PostmanRuntime/7.42.0" "
2024-10-09 23:09:31 - ::1 "GET /rank/1 HTTP/1.1 200 1.153708ms "PostmanRuntime/7.42.0" "
2024-10-09 23:10:01 - ::1 "GET /rank/1 HTTP/1.1 200 15.972333ms "PostmanRuntime/7.42.0" "
2024-10-09 23:10:56 - ::1 "GET /rank/1 HTTP/1.1 200 3.570333ms "PostmanRuntime/7.42.0" "
2024-10-09 23:17:09 - ::1 "GET /rank/1 HTTP/1.1 200 5.197125ms "PostmanRuntime/7.42.0" "
2024-10-09 23:17:17 - ::1 "GET /rank/1 HTTP/1.1 200 1.8695ms "PostmanRuntime/7.42.0" "
2024-10-09 23:18:15 - ::1 "GET /rank/1 HTTP/1.1 200 9.83425ms "PostmanRuntime/7.42.0" "
2024-10-09 23:25:22 - ::1 "GET /rank/1 HTTP/1.1 200 15.804ms "PostmanRuntime/7.42.0" "
2024-10-09 23:25:35 - ::1 "GET /rank/1 HTTP/1.1 200 10.639959ms "PostmanRuntime/7.42.0" "
2024-10-09 23:25:41 - ::1 "GET /rank/1 HTTP/1.1 200 10.557625ms "PostmanRuntime/7.42.0" "
2024-10-09 23:25:42 - ::1 "GET /rank/1 HTTP/1.1 200 11.384083ms "PostmanRuntime/7.42.0" "
2024-10-09 23:25:42 - ::1 "GET /rank/1 HTTP/1.1 200 7.275625ms "PostmanRuntime/7.42.0" "
2024-10-09 23:25:43 - ::1 "GET /rank/1 HTTP/1.1 200 13.743083ms "PostmanRuntime/7.42.0" "
2024-10-09 23:41:32 - ::1 "GET /vote/add HTTP/1.1 404 16.25µs "PostmanRuntime/7.42.0" "
2024-10-09 23:41:45 - ::1 "GET /vote/add HTTP/1.1 404 20.542µs "PostmanRuntime/7.42.0" "
2024-10-09 23:41:48 - ::1 "POST /vote/add HTTP/1.1 200 16.686458ms "PostmanRuntime/7.42.0" "
2024-10-09 23:41:55 - ::1 "POST /vote/add HTTP/1.1 200 22.142833ms "PostmanRuntime/7.42.0" "
2024-10-09 23:42:43 - ::1 "GET /rank/1 HTTP/1.1 200 4.455708ms "PostmanRuntime/7.42.0" "
2024-10-09 23:42:54 - ::1 "GET /rank/1 HTTP/1.1 200 3.539959ms "PostmanRuntime/7.42.0" "
2024-10-09 23:48:56 - ::1 "GET /rank/1 HTTP/1.1 200 8.112167ms "PostmanRuntime/7.42.0" "
2024-10-09 23:49:56 - ::1 "GET /rank/1 HTTP/1.1 200 9.323333ms "PostmanRuntime/7.42.0" "
2024-10-09 23:50:42 - ::1 "GET /vote/add HTTP/1.1 404 13.459µs "PostmanRuntime/7.42.0" "
2024-10-09 23:50:45 - ::1 "POST /vote/add HTTP/1.1 200 19.869416ms "PostmanRuntime/7.42.0" "
2024-10-09 23:50:57 - ::1 "GET /rank/1 HTTP/1.1 200 7.518416ms "PostmanRuntime/7.42.0" "
2024-10-09 23:52:39 - ::1 "POST /vote/add HTTP/1.1 200 13.520375ms "PostmanRuntime/7.42.0" "
