2024-10-08 12:09:01 - ::1 "POST /user/register HTTP/1.1 200 11.920666ms "PostmanRuntime/7.42.0" "
2024-10-08 12:18:16 - ::1 "POST /user/register HTTP/1.1 200 18.774042ms "PostmanRuntime/7.42.0" "
2024-10-08 12:18:53 - ::1 "POST /user/register HTTP/1.1 200 2.886334ms "PostmanRuntime/7.42.0" "
2024-10-08 13:19:33 - ::1 "POST /user/register HTTP/1.1 200 399.666µs "PostmanRuntime/7.42.0" "
2024-10-08 13:43:11 - ::1 "POST /user/register HTTP/1.1 200 289.166µs "PostmanRuntime/7.42.0" "
2024-10-08 13:43:23 - ::1 "POST /user/register HTTP/1.1 200 13.731334ms "PostmanRuntime/7.42.0" "
2024-10-08 13:43:45 - ::1 "POST /user/register HTTP/1.1 200 7.884208ms "PostmanRuntime/7.42.0" "
2024-10-08 13:43:45 - ::1 "POST /user/register HTTP/1.1 200 3.026792ms "PostmanRuntime/7.42.0" "
2024-10-08 13:44:06 - ::1 "POST /user/register HTTP/1.1 200 78.917µs "PostmanRuntime/7.42.0" "
2024-10-08 13:44:15 - ::1 "POST /user/register HTTP/1.1 200 6.679125ms "PostmanRuntime/7.42.0" "
2024-10-08 13:44:40 - ::1 "POST /user/register HTTP/1.1 200 2.201209ms "PostmanRuntime/7.42.0" "
2024-10-08 13:44:41 - ::1 "POST /user/register HTTP/1.1 200 2.04225ms "PostmanRuntime/7.42.0" "
2024-10-08 17:23:48 - ::1 "POST /user/register HTTP/1.1 200 6.008458ms "PostmanRuntime/7.42.0" "
2024-10-08 17:23:58 - ::1 "POST /user/register HTTP/1.1 200 11.570042ms "PostmanRuntime/7.42.0" "
2024-10-08 21:12:14 - ::1 "POST /user/login HTTP/1.1 200 5.294375ms "PostmanRuntime/7.42.0" "
2024-10-08 21:12:20 - ::1 "POST /user/login HTTP/1.1 200 2.187958ms "PostmanRuntime/7.42.0" "
2024-10-08 21:12:23 - ::1 "POST /user/login HTTP/1.1 200 1.011334ms "PostmanRuntime/7.42.0" "
2024-10-08 22:09:44 - ::1 "POST /user/login HTTP/1.1 200 5.836708ms "PostmanRuntime/7.42.0" "
2024-10-08 22:19:38 - ::1 "POST /user/login HTTP/1.1 200 7.646167ms "PostmanRuntime/7.42.0" "
2024-10-08 22:36:01 - ::1 "POST /player/list HTTP/1.1 200 6.055459ms "PostmanRuntime/7.42.0" "
2024-10-08 22:36:30 - ::1 "POST /player/list HTTP/1.1 200 1.269667ms "PostmanRuntime/7.42.0" "
2024-10-08 22:37:44 - ::1 "POST /player/list HTTP/1.1 404 51.125µs "PostmanRuntime/7.42.0" "
2024-10-08 22:37:47 - ::1 "GET /player/list HTTP/1.1 200 3.666166ms "PostmanRuntime/7.42.0" "
2024-10-08 22:37:59 - ::1 "GET /player/list HTTP/1.1 200 3.993791ms "PostmanRuntime/7.42.0" "
2024-10-08 22:38:03 - ::1 "GET /player/list HTTP/1.1 200 2.212458ms "PostmanRuntime/7.42.0" "
2024-10-08 23:40:37 - ::1 "POST /vote/increase HTTP/1.1 200 473.041µs "PostmanRuntime/7.42.0" "
2024-10-08 23:46:21 - ::1 "POST /vote/increase HTTP/1.1 200 5.261375ms "PostmanRuntime/7.42.0" "
2024-10-08 23:46:33 - ::1 "POST /vote/increase HTTP/1.1 200 7.758583ms "PostmanRuntime/7.42.0" "
2024-10-08 23:47:40 - ::1 "POST /vote/increase HTTP/1.1 200 19.229875ms "PostmanRuntime/7.42.0" "
